0 info it worked if it ends with ok
1 verbose cli [ '/usr/local/Cellar/node/6.2.0/bin/node',
1 verbose cli   '/usr/local/bin/npm',
1 verbose cli   'start' ]
2 info using npm@3.10.3
3 info using node@v6.7.0
4 verbose run-script [ 'prestart', 'start', 'poststart' ]
5 info lifecycle binary-bot@2.3.2~prestart: binary-bot@2.3.2
6 silly lifecycle binary-bot@2.3.2~prestart: no script for prestart, continuing
7 info lifecycle binary-bot@2.3.2~start: binary-bot@2.3.2
8 verbose lifecycle binary-bot@2.3.2~start: unsafe-perm in lifecycle true
9 verbose lifecycle binary-bot@2.3.2~start: PATH: /usr/local/lib/node_modules/npm/bin/node-gyp-bin:/Users/aminmarashi/code/deploy/binary-bot/node_modules/.bin:/usr/local/Cellar/node/6.2.0/bin:/opt/local/bin:/opt/local/sbin:/usr/local/bin:/usr/bin:/bin:/usr/sbin:/sbin:/opt/X11/bin:/usr/local//Cellar/node/6.2.0/libexec/npm/bin:/usr/local/opt/gettext/bin:/usr/local/bin
10 verbose lifecycle binary-bot@2.3.2~start: CWD: /Users/aminmarashi/code/deploy/binary-bot
11 silly lifecycle binary-bot@2.3.2~start: Args: [ '-c', 'npm run dev' ]
12 silly lifecycle binary-bot@2.3.2~start: Returned: code: 1  signal: null
13 info lifecycle binary-bot@2.3.2~start: Failed to exec start script
14 verbose stack Error: binary-bot@2.3.2 start: `npm run dev`
14 verbose stack Exit status 1
14 verbose stack     at EventEmitter.<anonymous> (/usr/local/lib/node_modules/npm/lib/utils/lifecycle.js:242:16)
14 verbose stack     at emitTwo (events.js:106:13)
14 verbose stack     at EventEmitter.emit (events.js:191:7)
14 verbose stack     at ChildProcess.<anonymous> (/usr/local/lib/node_modules/npm/lib/utils/spawn.js:40:14)
14 verbose stack     at emitTwo (events.js:106:13)
14 verbose stack     at ChildProcess.emit (events.js:191:7)
14 verbose stack     at maybeClose (internal/child_process.js:877:16)
14 verbose stack     at Process.ChildProcess._handle.onexit (internal/child_process.js:226:5)
15 verbose pkgid binary-bot@2.3.2
16 verbose cwd /Users/aminmarashi/code/deploy/binary-bot/static/css
17 error Darwin 16.1.0
18 error argv "/usr/local/Cellar/node/6.2.0/bin/node" "/usr/local/bin/npm" "start"
19 error node v6.7.0
20 error npm  v3.10.3
21 error code ELIFECYCLE
22 error binary-bot@2.3.2 start: `npm run dev`
22 error Exit status 1
23 error Failed at the binary-bot@2.3.2 start script 'npm run dev'.
23 error Make sure you have the latest version of node.js and npm installed.
23 error If you do, this is most likely a problem with the binary-bot package,
23 error not with npm itself.
23 error Tell the author that this fails on your system:
23 error     npm run dev
23 error You can get information on how to open an issue for this project with:
23 error     npm bugs binary-bot
23 error Or if that isn't available, you can get their info via:
23 error     npm owner ls binary-bot
23 error There is likely additional logging output above.
24 verbose exit [ 1, true ]
